{"meta": {"format": 3, "version": "7.10.5", "timestamp": "2025-08-26T07:33:17.721902", "branch_coverage": false, "show_contexts": false}, "files": {"strataregula\\core\\__init__.py": {"executed_lines": [1, 3, 5], "summary": {"covered_lines": 2, "num_statements": 2, "percent_covered": 100.0, "percent_covered_display": "100", "missing_lines": 0, "excluded_lines": 0}, "missing_lines": [], "excluded_lines": [], "functions": {"": {"executed_lines": [1, 3, 5], "summary": {"covered_lines": 2, "num_statements": 2, "percent_covered": 100.0, "percent_covered_display": "100", "missing_lines": 0, "excluded_lines": 0}, "missing_lines": [], "excluded_lines": []}}, "classes": {"": {"executed_lines": [1, 3, 5], "summary": {"covered_lines": 2, "num_statements": 2, "percent_covered": 100.0, "percent_covered_display": "100", "missing_lines": 0, "excluded_lines": 0}, "missing_lines": [], "excluded_lines": []}}}, "strataregula\\core\\compiler.py": {"executed_lines": [1, 6, 7, 8, 9, 10, 11, 13, 16, 17, 19, 20, 21, 23, 24, 26, 27, 29, 30, 31, 33, 34, 37, 38, 40, 41, 42, 43, 44, 46, 48, 49, 50, 52, 53, 55, 56, 59, 60, 61, 64, 65, 67, 69, 70, 72, 74, 75, 77, 79, 81, 83, 84, 86, 87, 88, 91, 92, 95, 97, 99, 101, 102, 105, 106, 110, 111, 115, 116, 118, 120, 123, 124, 127, 128, 129, 131, 133, 135, 136, 139, 140, 142, 143, 147, 149, 152, 153, 156, 157, 158, 159, 161, 162, 165, 167, 168, 169, 170, 171, 172, 175, 176, 177, 178, 179, 180, 181, 183, 185, 186, 188], "summary": {"covered_lines": 109, "num_statements": 115, "percent_covered": 94.78260869565217, "percent_covered_display": "95", "missing_lines": 6, "excluded_lines": 0}, "missing_lines": [62, 107, 112, 113, 144, 145], "excluded_lines": [], "functions": {"PatternCache.__init__": {"executed_lines": [20, 21], "summary": {"covered_lines": 2, "num_statements": 2, "percent_covered": 100.0, "percent_covered_display": "100", "missing_lines": 0, "excluded_lines": 0}, "missing_lines": [], "excluded_lines": []}, "PatternCache.get": {"executed_lines": [24], "summary": {"covered_lines": 1, "num_statements": 1, "percent_covered": 100.0, "percent_covered_display": "100", "missing_lines": 0, "excluded_lines": 0}, "missing_lines": [], "excluded_lines": []}, "PatternCache.set": {"executed_lines": [27, 29, 30, 31], "summary": {"covered_lines": 4, "num_statements": 4, "percent_covered": 100.0, "percent_covered_display": "100", "missing_lines": 0, "excluded_lines": 0}, "missing_lines": [], "excluded_lines": []}, "PatternCache.clear": {"executed_lines": [34], "summary": {"covered_lines": 1, "num_statements": 1, "percent_covered": 100.0, "percent_covered_display": "100", "missing_lines": 0, "excluded_lines": 0}, "missing_lines": [], "excluded_lines": []}, "PatternCompiler.__init__": {"executed_lines": [41, 42, 43, 44], "summary": {"covered_lines": 4, "num_statements": 4, "percent_covered": 100.0, "percent_covered_display": "100", "missing_lines": 0, "excluded_lines": 0}, "missing_lines": [], "excluded_lines": []}, "PatternCompiler.load_config": {"executed_lines": [48, 49, 50, 52, 53, 55, 56, 59, 60, 61, 64, 65], "summary": {"covered_lines": 12, "num_statements": 13, "percent_covered": 92.3076923076923, "percent_covered_display": "92", "missing_lines": 1, "excluded_lines": 0}, "missing_lines": [62], "excluded_lines": []}, "PatternCompiler.set_data_sources": {"executed_lines": [69, 70], "summary": {"covered_lines": 2, "num_statements": 2, "percent_covered": 100.0, "percent_covered_display": "100", "missing_lines": 0, "excluded_lines": 0}, "missing_lines": [], "excluded_lines": []}, "PatternCompiler.set_pattern_rules": {"executed_lines": [74, 75], "summary": {"covered_lines": 2, "num_statements": 2, "percent_covered": 100.0, "percent_covered_display": "100", "missing_lines": 0, "excluded_lines": 0}, "missing_lines": [], "excluded_lines": []}, "PatternCompiler.compile_patterns": {"executed_lines": [79, 81, 83, 84, 86, 87, 88, 91, 92, 95, 97], "summary": {"covered_lines": 11, "num_statements": 11, "percent_covered": 100.0, "percent_covered_display": "100", "missing_lines": 0, "excluded_lines": 0}, "missing_lines": [], "excluded_lines": []}, "PatternCompiler._expand_pattern": {"executed_lines": [101, 102, 105, 106, 110, 111, 115, 116, 118], "summary": {"covered_lines": 9, "num_statements": 12, "percent_covered": 75.0, "percent_covered_display": "75", "missing_lines": 3, "excluded_lines": 0}, "missing_lines": [107, 112, 113], "excluded_lines": []}, "PatternCompiler._find_matching_rule": {"executed_lines": [123, 124, 127, 128, 129, 131], "summary": {"covered_lines": 6, "num_statements": 6, "percent_covered": 100.0, "percent_covered_display": "100", "missing_lines": 0, "excluded_lines": 0}, "missing_lines": [], "excluded_lines": []}, "PatternCompiler._patterns_match": {"executed_lines": [135, 136, 139, 140, 142, 143], "summary": {"covered_lines": 6, "num_statements": 8, "percent_covered": 75.0, "percent_covered_display": "75", "missing_lines": 2, "excluded_lines": 0}, "missing_lines": [144, 145], "excluded_lines": []}, "PatternCompiler._expand_with_template": {"executed_lines": [149, 152, 153, 156, 157, 158, 159, 161, 162, 165, 167, 168, 169, 170, 171, 172, 175, 176, 177, 178, 179, 180, 181, 183], "summary": {"covered_lines": 24, "num_statements": 24, "percent_covered": 100.0, "percent_covered_display": "100", "missing_lines": 0, "excluded_lines": 0}, "missing_lines": [], "excluded_lines": []}, "PatternCompiler._split_pattern_cached": {"executed_lines": [188], "summary": {"covered_lines": 1, "num_statements": 1, "percent_covered": 100.0, "percent_covered_display": "100", "missing_lines": 0, "excluded_lines": 0}, "missing_lines": [], "excluded_lines": []}, "": {"executed_lines": [1, 6, 7, 8, 9, 10, 11, 13, 16, 17, 19, 23, 26, 33, 37, 38, 40, 46, 67, 72, 77, 99, 120, 133, 147, 185, 186], "summary": {"covered_lines": 24, "num_statements": 24, "percent_covered": 100.0, "percent_covered_display": "100", "missing_lines": 0, "excluded_lines": 0}, "missing_lines": [], "excluded_lines": []}}, "classes": {"PatternCache": {"executed_lines": [20, 21, 24, 27, 29, 30, 31, 34], "summary": {"covered_lines": 8, "num_statements": 8, "percent_covered": 100.0, "percent_covered_display": "100", "missing_lines": 0, "excluded_lines": 0}, "missing_lines": [], "excluded_lines": []}, "PatternCompiler": {"executed_lines": [41, 42, 43, 44, 48, 49, 50, 52, 53, 55, 56, 59, 60, 61, 64, 65, 69, 70, 74, 75, 79, 81, 83, 84, 86, 87, 88, 91, 92, 95, 97, 101, 102, 105, 106, 110, 111, 115, 116, 118, 123, 124, 127, 128, 129, 131, 135, 136, 139, 140, 142, 143, 149, 152, 153, 156, 157, 158, 159, 161, 162, 165, 167, 168, 169, 170, 171, 172, 175, 176, 177, 178, 179, 180, 181, 183, 188], "summary": {"covered_lines": 77, "num_statements": 83, "percent_covered": 92.7710843373494, "percent_covered_display": "93", "missing_lines": 6, "excluded_lines": 0}, "missing_lines": [62, 107, 112, 113, 144, 145], "excluded_lines": []}, "": {"executed_lines": [1, 6, 7, 8, 9, 10, 11, 13, 16, 17, 19, 23, 26, 33, 37, 38, 40, 46, 67, 72, 77, 99, 120, 133, 147, 185, 186], "summary": {"covered_lines": 24, "num_statements": 24, "percent_covered": 100.0, "percent_covered_display": "100", "missing_lines": 0, "excluded_lines": 0}, "missing_lines": [], "excluded_lines": []}}}, "strataregula\\core\\config_compiler.py": {"executed_lines": [1, 12, 13, 14, 15, 16, 17, 18, 19, 21, 23, 25, 28, 29, 30, 31, 32, 33, 34, 35, 36, 37, 38, 41, 42, 43, 44, 45, 46, 47, 48, 49, 52, 53, 55, 56, 62, 64, 65, 67, 68, 70, 72, 157, 159, 167, 169, 184, 185, 187, 188, 189, 190, 194, 196, 201, 203, 205, 208, 209, 210, 213, 216, 219, 222, 225, 228, 229, 230, 231, 233, 235, 236, 237, 239, 284, 286, 287, 289, 290, 291, 302, 304, 306, 307, 310, 312, 314, 315, 317, 318, 320, 321, 323, 325, 328, 329, 330, 332, 334, 338, 340, 342, 343, 346, 357, 363, 364, 365, 366, 367, 371, 383, 385, 386, 387, 390, 399, 400, 409, 410, 419, 420, 421, 424, 425, 426, 428, 436, 438, 439, 441, 442, 444, 445, 446, 448, 449, 451, 452, 454, 455, 457, 459, 483, 485, 486, 487, 488, 489, 490, 494], "summary": {"covered_lines": 147, "num_statements": 190, "percent_covered": 77.36842105263158, "percent_covered_display": "77", "missing_lines": 43, "excluded_lines": 0}, "missing_lines": [244, 246, 248, 249, 252, 254, 255, 257, 259, 260, 261, 263, 265, 266, 267, 270, 271, 272, 275, 276, 278, 280, 281, 282, 292, 293, 296, 297, 298, 299, 300, 309, 331, 333, 335, 368, 369, 447, 496, 498, 499, 500, 502], "excluded_lines": [], "functions": {"TemplateEngine.__init__": {"executed_lines": [56], "summary": {"covered_lines": 1, "num_statements": 1, "percent_covered": 100.0, "percent_covered_display": "100", "missing_lines": 0, "excluded_lines": 0}, "missing_lines": [], "excluded_lines": []}, "TemplateEngine.render": {"executed_lines": [64, 65, 67, 68], "summary": {"covered_lines": 4, "num_statements": 4, "percent_covered": 100.0, "percent_covered_display": "100", "missing_lines": 0, "excluded_lines": 0}, "missing_lines": [], "excluded_lines": []}, "TemplateEngine._get_python_template": {"executed_lines": [72], "summary": {"covered_lines": 1, "num_statements": 1, "percent_covered": 100.0, "percent_covered_display": "100", "missing_lines": 0, "excluded_lines": 0}, "missing_lines": [], "excluded_lines": []}, "TemplateEngine._get_json_template": {"executed_lines": [159], "summary": {"covered_lines": 1, "num_statements": 1, "percent_covered": 100.0, "percent_covered_display": "100", "missing_lines": 0, "excluded_lines": 0}, "missing_lines": [], "excluded_lines": []}, "TemplateEngine._get_yaml_template": {"executed_lines": [169], "summary": {"covered_lines": 1, "num_statements": 1, "percent_covered": 100.0, "percent_covered_display": "100", "missing_lines": 0, "excluded_lines": 0}, "missing_lines": [], "excluded_lines": []}, "ConfigCompiler.__init__": {"executed_lines": [188, 189, 190, 194], "summary": {"covered_lines": 4, "num_statements": 4, "percent_covered": 100.0, "percent_covered_display": "100", "missing_lines": 0, "excluded_lines": 0}, "missing_lines": [], "excluded_lines": []}, "ConfigCompiler.compile_traffic_config": {"executed_lines": [201, 203, 205, 208, 209, 210, 213, 216, 219, 222, 225, 228, 229, 230, 231, 233, 235, 236, 237], "summary": {"covered_lines": 19, "num_statements": 19, "percent_covered": 100.0, "percent_covered_display": "100", "missing_lines": 0, "excluded_lines": 0}, "missing_lines": [], "excluded_lines": []}, "ConfigCompiler.compile_large_config": {"executed_lines": [], "summary": {"covered_lines": 0, "num_statements": 24, "percent_covered": 0.0, "percent_covered_display": "0", "missing_lines": 24, "excluded_lines": 0}, "missing_lines": [244, 246, 248, 249, 252, 254, 255, 257, 259, 260, 261, 263, 265, 266, 267, 270, 271, 272, 275, 276, 278, 280, 281, 282], "excluded_lines": []}, "ConfigCompiler._load_file": {"executed_lines": [286, 287, 289, 290, 291], "summary": {"covered_lines": 5, "num_statements": 12, "percent_covered": 41.666666666666664, "percent_covered_display": "42", "missing_lines": 7, "excluded_lines": 0}, "missing_lines": [292, 293, 296, 297, 298, 299, 300], "excluded_lines": []}, "ConfigCompiler._setup_hierarchy_from_config": {"executed_lines": [304, 306, 307, 310, 312, 314, 315, 317, 318, 320, 321, 323], "summary": {"covered_lines": 12, "num_statements": 13, "percent_covered": 92.3076923076923, "percent_covered_display": "92", "missing_lines": 1, "excluded_lines": 0}, "missing_lines": [309], "excluded_lines": []}, "ConfigCompiler._extract_service_patterns": {"executed_lines": [328, 329, 330, 332, 334, 338], "summary": {"covered_lines": 6, "num_statements": 9, "percent_covered": 66.66666666666667, "percent_covered_display": "67", "missing_lines": 3, "excluded_lines": 0}, "missing_lines": [331, 333, 335], "excluded_lines": []}, "ConfigCompiler._generate_provenance": {"executed_lines": [342, 343, 346, 357, 363, 364, 365, 366, 367, 371], "summary": {"covered_lines": 10, "num_statements": 12, "percent_covered": 83.33333333333333, "percent_covered_display": "83", "missing_lines": 2, "excluded_lines": 0}, "missing_lines": [368, 369], "excluded_lines": []}, "ConfigCompiler._create_output_context": {"executed_lines": [385, 386, 387, 390, 399, 400, 409, 410, 419, 420, 421, 424, 425, 426, 428], "summary": {"covered_lines": 15, "num_statements": 15, "percent_covered": 100.0, "percent_covered_display": "100", "missing_lines": 0, "excluded_lines": 0}, "missing_lines": [], "excluded_lines": []}, "ConfigCompiler._format_python_dict": {"executed_lines": [438, 439, 441, 442, 444, 445, 446, 448, 449, 451, 452, 454, 455], "summary": {"covered_lines": 13, "num_statements": 14, "percent_covered": 92.85714285714286, "percent_covered_display": "93", "missing_lines": 1, "excluded_lines": 0}, "missing_lines": [447], "excluded_lines": []}, "ConfigCompiler._generate_hierarchical_functions": {"executed_lines": [459], "summary": {"covered_lines": 1, "num_statements": 1, "percent_covered": 100.0, "percent_covered_display": "100", "missing_lines": 0, "excluded_lines": 0}, "missing_lines": [], "excluded_lines": []}, "ConfigCompiler._get_region_prefecture_map": {"executed_lines": [485, 486, 487, 488, 489, 490], "summary": {"covered_lines": 6, "num_statements": 6, "percent_covered": 100.0, "percent_covered_display": "100", "missing_lines": 0, "excluded_lines": 0}, "missing_lines": [], "excluded_lines": []}, "compile_config": {"executed_lines": [], "summary": {"covered_lines": 0, "num_statements": 5, "percent_covered": 0.0, "percent_covered_display": "0", "missing_lines": 5, "excluded_lines": 0}, "missing_lines": [496, 498, 499, 500, 502], "excluded_lines": []}, "": {"executed_lines": [1, 12, 13, 14, 15, 16, 17, 18, 19, 21, 23, 25, 28, 29, 30, 31, 32, 33, 34, 35, 36, 37, 38, 41, 42, 43, 44, 45, 46, 47, 48, 49, 52, 53, 55, 62, 70, 157, 167, 184, 185, 187, 196, 239, 284, 302, 325, 340, 383, 436, 457, 483, 494], "summary": {"covered_lines": 48, "num_statements": 48, "percent_covered": 100.0, "percent_covered_display": "100", "missing_lines": 0, "excluded_lines": 0}, "missing_lines": [], "excluded_lines": []}}, "classes": {"CompilationConfig": {"executed_lines": [], "summary": {"covered_lines": 0, "num_statements": 0, "percent_covered": 100.0, "percent_covered_display": "100", "missing_lines": 0, "excluded_lines": 0}, "missing_lines": [], "excluded_lines": []}, "ProvenanceInfo": {"executed_lines": [], "summary": {"covered_lines": 0, "num_statements": 0, "percent_covered": 100.0, "percent_covered_display": "100", "missing_lines": 0, "excluded_lines": 0}, "missing_lines": [], "excluded_lines": []}, "TemplateEngine": {"executed_lines": [56, 64, 65, 67, 68, 72, 159, 169], "summary": {"covered_lines": 8, "num_statements": 8, "percent_covered": 100.0, "percent_covered_display": "100", "missing_lines": 0, "excluded_lines": 0}, "missing_lines": [], "excluded_lines": []}, "ConfigCompiler": {"executed_lines": [188, 189, 190, 194, 201, 203, 205, 208, 209, 210, 213, 216, 219, 222, 225, 228, 229, 230, 231, 233, 235, 236, 237, 286, 287, 289, 290, 291, 304, 306, 307, 310, 312, 314, 315, 317, 318, 320, 321, 323, 328, 329, 330, 332, 334, 338, 342, 343, 346, 357, 363, 364, 365, 366, 367, 371, 385, 386, 387, 390, 399, 400, 409, 410, 419, 420, 421, 424, 425, 426, 428, 438, 439, 441, 442, 444, 445, 446, 448, 449, 451, 452, 454, 455, 459, 485, 486, 487, 488, 489, 490], "summary": {"covered_lines": 91, "num_statements": 129, "percent_covered": 70.54263565891473, "percent_covered_display": "71", "missing_lines": 38, "excluded_lines": 0}, "missing_lines": [244, 246, 248, 249, 252, 254, 255, 257, 259, 260, 261, 263, 265, 266, 267, 270, 271, 272, 275, 276, 278, 280, 281, 282, 292, 293, 296, 297, 298, 299, 300, 309, 331, 333, 335, 368, 369, 447], "excluded_lines": []}, "": {"executed_lines": [1, 12, 13, 14, 15, 16, 17, 18, 19, 21, 23, 25, 28, 29, 30, 31, 32, 33, 34, 35, 36, 37, 38, 41, 42, 43, 44, 45, 46, 47, 48, 49, 52, 53, 55, 62, 70, 157, 167, 184, 185, 187, 196, 239, 284, 302, 325, 340, 383, 436, 457, 483, 494], "summary": {"covered_lines": 48, "num_statements": 53, "percent_covered": 90.56603773584905, "percent_covered_display": "91", "missing_lines": 5, "excluded_lines": 0}, "missing_lines": [496, 498, 499, 500, 502], "excluded_lines": []}}}, "strataregula\\core\\pattern_expander.py": {"executed_lines": [1, 12, 13, 14, 15, 16, 17, 18, 20, 22, 25, 26, 27, 28, 29, 30, 31, 32, 33, 36, 37, 38, 39, 40, 41, 42, 43, 46, 47, 49, 50, 51, 52, 53, 54, 57, 59, 62, 73, 86, 87, 88, 90, 91, 92, 93, 96, 104, 106, 108, 111, 120, 123, 125, 127, 169, 170, 173, 183, 185, 188, 198, 200, 202, 205, 206, 207, 213, 215, 218, 220, 221, 222, 224, 225, 226, 227, 230, 233, 236, 237, 239, 241, 242, 245, 246, 247, 249, 251, 252, 255, 256, 259, 260, 262, 265, 267, 269, 270, 273, 274, 279, 280, 283, 284, 287, 289, 291, 292, 293, 294, 295, 298, 299, 302, 306, 307, 309, 311, 313, 316, 317, 318, 319, 320, 323, 324, 326, 328, 330, 331, 332, 333, 334, 336, 338, 339, 345, 347, 350, 351, 352, 355, 358, 367, 368, 369, 372, 374, 376, 377, 379, 380, 382, 383, 385, 386, 394, 407, 409, 411, 412, 414, 418, 420, 423, 425, 442, 444, 459, 460, 462, 463, 464, 465, 467, 469, 470, 472, 473, 476, 477, 478, 480, 483, 484, 485, 487, 490, 491, 493, 495, 497, 498, 499, 500, 501, 508, 509], "summary": {"covered_lines": 194, "num_statements": 212, "percent_covered": 91.50943396226415, "percent_covered_display": "92", "missing_lines": 18, "excluded_lines": 0}, "missing_lines": [275, 276, 335, 337, 340, 341, 343, 353, 359, 360, 361, 363, 396, 398, 399, 405, 502, 504], "excluded_lines": [], "functions": {"EnhancedPatternExpander.__init__": {"executed_lines": [50, 51, 52, 53, 54, 57], "summary": {"covered_lines": 6, "num_statements": 6, "percent_covered": 100.0, "percent_covered_display": "100", "missing_lines": 0, "excluded_lines": 0}, "missing_lines": [], "excluded_lines": []}, "EnhancedPatternExpander._initialize_default_hierarchy": {"executed_lines": [62, 73, 86, 87, 88, 90, 91, 92, 93, 96, 104], "summary": {"covered_lines": 11, "num_statements": 11, "percent_covered": 100.0, "percent_covered_display": "100", "missing_lines": 0, "excluded_lines": 0}, "missing_lines": [], "excluded_lines": []}, "EnhancedPatternExpander.set_hierarchy": {"executed_lines": [108, 111, 120, 123], "summary": {"covered_lines": 4, "num_statements": 4, "percent_covered": 100.0, "percent_covered_display": "100", "missing_lines": 0, "excluded_lines": 0}, "missing_lines": [], "excluded_lines": []}, "EnhancedPatternExpander._setup_default_rules": {"executed_lines": [127, 169, 170, 173], "summary": {"covered_lines": 4, "num_statements": 4, "percent_covered": 100.0, "percent_covered_display": "100", "missing_lines": 0, "excluded_lines": 0}, "missing_lines": [], "excluded_lines": []}, "EnhancedPatternExpander.add_expansion_rule": {"executed_lines": [185, 188, 198], "summary": {"covered_lines": 3, "num_statements": 3, "percent_covered": 100.0, "percent_covered_display": "100", "missing_lines": 0, "excluded_lines": 0}, "missing_lines": [], "excluded_lines": []}, "EnhancedPatternExpander.load_rules_from_config": {"executed_lines": [202, 205, 206, 207, 213], "summary": {"covered_lines": 5, "num_statements": 5, "percent_covered": 100.0, "percent_covered_display": "100", "missing_lines": 0, "excluded_lines": 0}, "missing_lines": [], "excluded_lines": []}, "EnhancedPatternExpander.expand_pattern_stream": {"executed_lines": [218, 220, 221, 222, 224, 225, 226, 227, 230, 233, 236, 237], "summary": {"covered_lines": 12, "num_statements": 12, "percent_covered": 100.0, "percent_covered_display": "100", "missing_lines": 0, "excluded_lines": 0}, "missing_lines": [], "excluded_lines": []}, "EnhancedPatternExpander._get_pattern_priority": {"executed_lines": [241, 242, 245, 246, 247], "summary": {"covered_lines": 5, "num_statements": 5, "percent_covered": 100.0, "percent_covered_display": "100", "missing_lines": 0, "excluded_lines": 0}, "missing_lines": [], "excluded_lines": []}, "EnhancedPatternExpander._expand_pattern_enhanced": {"executed_lines": [251, 252, 255, 256, 259, 260, 262, 265], "summary": {"covered_lines": 8, "num_statements": 8, "percent_covered": 100.0, "percent_covered_display": "100", "missing_lines": 0, "excluded_lines": 0}, "missing_lines": [], "excluded_lines": []}, "EnhancedPatternExpander._expand_with_enhanced_rule": {"executed_lines": [269, 270, 273, 274, 279, 280, 283, 284, 287, 289, 291, 292, 293, 294, 295, 298, 299, 302, 306, 307, 309, 311, 313, 316, 317, 318, 319, 320, 323, 324, 326], "summary": {"covered_lines": 31, "num_statements": 33, "percent_covered": 93.93939393939394, "percent_covered_display": "94", "missing_lines": 2, "excluded_lines": 0}, "missing_lines": [275, 276], "excluded_lines": []}, "EnhancedPatternExpander._get_data_items": {"executed_lines": [330, 331, 332, 333, 334, 336, 338, 339], "summary": {"covered_lines": 8, "num_statements": 13, "percent_covered": 61.53846153846154, "percent_covered_display": "62", "missing_lines": 5, "excluded_lines": 0}, "missing_lines": [335, 337, 340, 341, 343], "excluded_lines": []}, "EnhancedPatternExpander._apply_conditions": {"executed_lines": [347, 350, 351, 352, 355, 358, 367, 368, 369, 372], "summary": {"covered_lines": 10, "num_statements": 15, "percent_covered": 66.66666666666667, "percent_covered_display": "67", "missing_lines": 5, "excluded_lines": 0}, "missing_lines": [353, 359, 360, 361, 363], "excluded_lines": []}, "EnhancedPatternExpander._apply_transforms": {"executed_lines": [376, 377, 379, 380, 382, 383, 385, 386, 394, 407], "summary": {"covered_lines": 10, "num_statements": 14, "percent_covered": 71.42857142857143, "percent_covered_display": "71", "missing_lines": 4, "excluded_lines": 0}, "missing_lines": [396, 398, 399, 405], "excluded_lines": []}, "EnhancedPatternExpander.compile_to_static_mapping": {"executed_lines": [411, 412, 414, 418, 420, 423, 425], "summary": {"covered_lines": 7, "num_statements": 7, "percent_covered": 100.0, "percent_covered_display": "100", "missing_lines": 0, "excluded_lines": 0}, "missing_lines": [], "excluded_lines": []}, "EnhancedPatternExpander.get_expansion_stats": {"executed_lines": [444], "summary": {"covered_lines": 1, "num_statements": 1, "percent_covered": 100.0, "percent_covered_display": "100", "missing_lines": 0, "excluded_lines": 0}, "missing_lines": [], "excluded_lines": []}, "StreamingPatternProcessor.__init__": {"executed_lines": [463, 464, 465], "summary": {"covered_lines": 3, "num_statements": 3, "percent_covered": 100.0, "percent_covered_display": "100", "missing_lines": 0, "excluded_lines": 0}, "missing_lines": [], "excluded_lines": []}, "StreamingPatternProcessor.process_large_patterns": {"executed_lines": [469, 470, 472, 473, 476, 477, 478, 480, 483, 484, 485], "summary": {"covered_lines": 11, "num_statements": 11, "percent_covered": 100.0, "percent_covered_display": "100", "missing_lines": 0, "excluded_lines": 0}, "missing_lines": [], "excluded_lines": []}, "StreamingPatternProcessor._calculate_chunk_size": {"executed_lines": [490, 491, 493], "summary": {"covered_lines": 3, "num_statements": 3, "percent_covered": 100.0, "percent_covered_display": "100", "missing_lines": 0, "excluded_lines": 0}, "missing_lines": [], "excluded_lines": []}, "StreamingPatternProcessor._should_cleanup_memory": {"executed_lines": [497, 498, 499, 500, 501], "summary": {"covered_lines": 5, "num_statements": 7, "percent_covered": 71.42857142857143, "percent_covered_display": "71", "missing_lines": 2, "excluded_lines": 0}, "missing_lines": [502, 504], "excluded_lines": []}, "": {"executed_lines": [1, 12, 13, 14, 15, 16, 17, 18, 20, 22, 25, 26, 27, 28, 29, 30, 31, 32, 33, 36, 37, 38, 39, 40, 41, 42, 43, 46, 47, 49, 59, 106, 125, 183, 200, 215, 239, 249, 267, 328, 345, 374, 409, 442, 459, 460, 462, 467, 487, 495, 508, 509], "summary": {"covered_lines": 47, "num_statements": 47, "percent_covered": 100.0, "percent_covered_display": "100", "missing_lines": 0, "excluded_lines": 0}, "missing_lines": [], "excluded_lines": []}}, "classes": {"ExpansionRule": {"executed_lines": [], "summary": {"covered_lines": 0, "num_statements": 0, "percent_covered": 100.0, "percent_covered_display": "100", "missing_lines": 0, "excluded_lines": 0}, "missing_lines": [], "excluded_lines": []}, "RegionHierarchy": {"executed_lines": [], "summary": {"covered_lines": 0, "num_statements": 0, "percent_covered": 100.0, "percent_covered_display": "100", "missing_lines": 0, "excluded_lines": 0}, "missing_lines": [], "excluded_lines": []}, "EnhancedPatternExpander": {"executed_lines": [50, 51, 52, 53, 54, 57, 62, 73, 86, 87, 88, 90, 91, 92, 93, 96, 104, 108, 111, 120, 123, 127, 169, 170, 173, 185, 188, 198, 202, 205, 206, 207, 213, 218, 220, 221, 222, 224, 225, 226, 227, 230, 233, 236, 237, 241, 242, 245, 246, 247, 251, 252, 255, 256, 259, 260, 262, 265, 269, 270, 273, 274, 279, 280, 283, 284, 287, 289, 291, 292, 293, 294, 295, 298, 299, 302, 306, 307, 309, 311, 313, 316, 317, 318, 319, 320, 323, 324, 326, 330, 331, 332, 333, 334, 336, 338, 339, 347, 350, 351, 352, 355, 358, 367, 368, 369, 372, 376, 377, 379, 380, 382, 383, 385, 386, 394, 407, 411, 412, 414, 418, 420, 423, 425, 444], "summary": {"covered_lines": 125, "num_statements": 141, "percent_covered": 88.65248226950355, "percent_covered_display": "89", "missing_lines": 16, "excluded_lines": 0}, "missing_lines": [275, 276, 335, 337, 340, 341, 343, 353, 359, 360, 361, 363, 396, 398, 399, 405], "excluded_lines": []}, "StreamingPatternProcessor": {"executed_lines": [463, 464, 465, 469, 470, 472, 473, 476, 477, 478, 480, 483, 484, 485, 490, 491, 493, 497, 498, 499, 500, 501], "summary": {"covered_lines": 22, "num_statements": 24, "percent_covered": 91.66666666666667, "percent_covered_display": "92", "missing_lines": 2, "excluded_lines": 0}, "missing_lines": [502, 504], "excluded_lines": []}, "": {"executed_lines": [1, 12, 13, 14, 15, 16, 17, 18, 20, 22, 25, 26, 27, 28, 29, 30, 31, 32, 33, 36, 37, 38, 39, 40, 41, 42, 43, 46, 47, 49, 59, 106, 125, 183, 200, 215, 239, 249, 267, 328, 345, 374, 409, 442, 459, 460, 462, 467, 487, 495, 508, 509], "summary": {"covered_lines": 47, "num_statements": 47, "percent_covered": 100.0, "percent_covered_display": "100", "missing_lines": 0, "excluded_lines": 0}, "missing_lines": [], "excluded_lines": []}}}}, "totals": {"covered_lines": 452, "num_statements": 519, "percent_covered": 87.09055876685935, "percent_covered_display": "87", "missing_lines": 67, "excluded_lines": 0}}